{"level":"warn","message":"SQUARE_ACCESS_TOKEN not set. Payment features will be disabled.","timestamp":"2025-12-24T19:55:26.717Z"}
{"level":"warn","message":"SQUARE_ACCESS_TOKEN not set. Payment features will be disabled.","timestamp":"2025-12-24T19:55:33.035Z"}
{"level":"info","message":"Run: http://localhost:3000","timestamp":"2025-12-24T19:55:33.078Z"}
{"level":"warn","message":"SQUARE_ACCESS_TOKEN not set. Payment features will be disabled.","timestamp":"2025-12-24T19:55:40.074Z"}
{"level":"warn","message":"SQUARE_ACCESS_TOKEN not set. Payment features will be disabled.","timestamp":"2025-12-24T19:57:36.197Z"}
{"level":"warn","message":"SQUARE_ACCESS_TOKEN not set. Payment features will be disabled.","timestamp":"2025-12-24T19:59:33.048Z"}
{"level":"info","message":"Migrations completed successfully (initial schema).","timestamp":"2025-12-24T19:59:33.201Z"}
{"level":"info","message":"SQLite database initialized successfully","timestamp":"2025-12-24T19:59:33.202Z"}
{"level":"warn","message":"SQUARE_ACCESS_TOKEN not set. Payment features will be disabled.","timestamp":"2025-12-24T20:01:01.561Z"}
{"level":"info","message":"Running migration: 001_initial_schema.sql","timestamp":"2025-12-24T20:01:01.600Z"}
{"level":"info","message":"Running migration: 002_performance_indexes.sql","timestamp":"2025-12-24T20:01:01.712Z"}
{"level":"info","message":"All migrations completed successfully.","timestamp":"2025-12-24T20:01:01.716Z"}
{"level":"info","message":"SQLite database initialized successfully","timestamp":"2025-12-24T20:01:01.717Z"}
{"level":"warn","message":"SQUARE_ACCESS_TOKEN not set. Payment features will be disabled.","timestamp":"2025-12-24T20:28:17.948Z"}
{"level":"info","message":"Server starting in test mode on port 3000","timestamp":"2025-12-24T20:28:17.950Z"}
{"level":"info","message":"Running migration: 001_initial_schema.sql","timestamp":"2025-12-24T20:28:17.986Z"}
{"level":"info","message":"Running migration: 002_performance_indexes.sql","timestamp":"2025-12-24T20:28:18.097Z"}
{"level":"info","message":"All migrations completed successfully.","timestamp":"2025-12-24T20:28:18.098Z"}
{"level":"info","message":"SQLite database initialized successfully","timestamp":"2025-12-24T20:28:18.099Z"}
{"level":"warn","message":"SQUARE_ACCESS_TOKEN not set. Payment features will be disabled.","timestamp":"2025-12-24T20:37:29.134Z"}
{"level":"info","message":"Server starting in test mode on port 3000","timestamp":"2025-12-24T20:37:29.136Z"}
{"level":"info","message":"Running migration: 001_initial_schema.sql","timestamp":"2025-12-24T20:37:29.173Z"}
{"level":"info","message":"Running migration: 002_performance_indexes.sql","timestamp":"2025-12-24T20:37:29.288Z"}
{"level":"info","message":"All migrations completed successfully.","timestamp":"2025-12-24T20:37:29.290Z"}
{"level":"info","message":"SQLite database initialized successfully","timestamp":"2025-12-24T20:37:29.290Z"}
{"level":"warn","message":"SQUARE_ACCESS_TOKEN not set. Payment features will be disabled.","timestamp":"2025-12-24T21:26:28.371Z"}
{"level":"info","message":"Server starting in development mode on port 3000","timestamp":"2025-12-24T21:26:28.374Z"}
{"level":"info","message":"Run: http://localhost:3000","timestamp":"2025-12-24T21:26:28.398Z"}
{"level":"info","message":"Running migration: 001_initial_schema.sql","timestamp":"2025-12-24T21:26:28.399Z"}
{"level":"info","message":"Running migration: 002_performance_indexes.sql","timestamp":"2025-12-24T21:26:28.403Z"}
{"level":"info","message":"All migrations completed successfully.","timestamp":"2025-12-24T21:26:28.404Z"}
{"level":"info","message":"SQLite database initialized successfully","timestamp":"2025-12-24T21:26:28.406Z"}
{"level":"warn","message":"SQUARE_ACCESS_TOKEN not set. Payment features will be disabled.","timestamp":"2025-12-24T21:30:26.707Z"}
{"level":"info","message":"Server starting in development mode on port 3000","timestamp":"2025-12-24T21:30:26.709Z"}
{"level":"info","message":"Run: http://localhost:3000","timestamp":"2025-12-24T21:30:26.737Z"}
{"level":"info","message":"Running migration: 001_initial_schema.sql","timestamp":"2025-12-24T21:30:26.741Z"}
{"level":"info","message":"Running migration: 002_performance_indexes.sql","timestamp":"2025-12-24T21:30:26.775Z"}
{"level":"info","message":"All migrations completed successfully.","timestamp":"2025-12-24T21:30:26.776Z"}
{"level":"info","message":"SQLite database initialized successfully","timestamp":"2025-12-24T21:30:26.776Z"}
{"level":"warn","message":"SQUARE_ACCESS_TOKEN not set. Payment features will be disabled.","timestamp":"2025-12-24T21:44:05.892Z"}
{"level":"info","message":"Server starting in development mode on port 3000","timestamp":"2025-12-24T21:44:05.894Z"}
{"level":"info","message":"Run: http://localhost:3000","timestamp":"2025-12-24T21:44:05.913Z"}
{"level":"info","message":"Running migration: 001_initial_schema.sql","timestamp":"2025-12-24T21:44:05.914Z"}
{"level":"info","message":"Running migration: 002_performance_indexes.sql","timestamp":"2025-12-24T21:44:05.920Z"}
{"level":"info","message":"All migrations completed successfully.","timestamp":"2025-12-24T21:44:05.921Z"}
{"level":"info","message":"SQLite database initialized successfully","timestamp":"2025-12-24T21:44:05.921Z"}
{"level":"warn","message":"SQUARE_ACCESS_TOKEN not set. Payment features will be disabled.","timestamp":"2025-12-24T21:46:21.576Z"}
{"level":"info","message":"Server starting in development mode on port 3000","timestamp":"2025-12-24T21:46:21.579Z"}
{"level":"info","message":"Run: http://localhost:3000","timestamp":"2025-12-24T21:46:21.596Z"}
{"level":"info","message":"Running migration: 001_initial_schema.sql","timestamp":"2025-12-24T21:46:21.597Z"}
{"level":"info","message":"Running migration: 002_performance_indexes.sql","timestamp":"2025-12-24T21:46:21.603Z"}
{"level":"info","message":"All migrations completed successfully.","timestamp":"2025-12-24T21:46:21.604Z"}
{"level":"info","message":"SQLite database initialized successfully","timestamp":"2025-12-24T21:46:21.604Z"}
{"level":"warn","message":"SQUARE_ACCESS_TOKEN not set. Payment features will be disabled.","timestamp":"2025-12-24T22:01:57.280Z"}
{"level":"info","message":"Server starting in development mode on port 3000","timestamp":"2025-12-24T22:01:57.284Z"}
{"level":"info","message":"Run: http://localhost:3000","timestamp":"2025-12-24T22:01:57.319Z"}
{"level":"info","message":"Running migration: 001_initial_schema.sql","timestamp":"2025-12-24T22:01:57.320Z"}
{"level":"info","message":"Running migration: 002_performance_indexes.sql","timestamp":"2025-12-24T22:01:57.326Z"}
{"level":"info","message":"All migrations completed successfully.","timestamp":"2025-12-24T22:01:57.327Z"}
{"level":"info","message":"SQLite database initialized successfully","timestamp":"2025-12-24T22:01:57.328Z"}
{"level":"info","message":"Created anonymous session for clothing matcher:","timestamp":"2025-12-24T22:04:09.972Z","userId":"anon_1766613849972_4paxaf8oo"}
{"level":"warn","message":"SQUARE_ACCESS_TOKEN not set. Payment features will be disabled.","timestamp":"2025-12-24T22:42:38.146Z"}
{"level":"info","message":"Server starting in development mode on port 3000","timestamp":"2025-12-24T22:42:38.148Z"}
{"level":"info","message":"Run: http://localhost:3000","timestamp":"2025-12-24T22:42:38.167Z"}
{"level":"info","message":"Running migration: 001_initial_schema.sql","timestamp":"2025-12-24T22:42:38.168Z"}
{"level":"info","message":"Running migration: 002_performance_indexes.sql","timestamp":"2025-12-24T22:42:38.172Z"}
{"level":"info","message":"Running migration: 003_oauth_schema.sql","timestamp":"2025-12-24T22:42:38.173Z"}
{"code":"SQLITE_ERROR","errno":1,"level":"error","message":"Migration query failed in 003_oauth_schema.sql: -- Migration: 003_oauth_schema.sql\n-- Description: Add columns for OAuth support to users table and ... SQLITE_ERROR: Cannot add a UNIQUE column","stack":"Error: SQLITE_ERROR: Cannot add a UNIQUE column","timestamp":"2025-12-24T22:42:38.174Z"}
{"code":"SQLITE_MISUSE","errno":21,"level":"error","message":"Migration query failed in 003_oauth_schema.sql: \n\n-- Down Migration (commented out for safety, standard practice is to separate down migrations if n... SQLITE_MISUSE: not an error","stack":"Error: SQLITE_MISUSE: not an error","timestamp":"2025-12-24T22:42:38.178Z"}
{"code":"SQLITE_MISUSE","errno":21,"level":"error","message":"Migration query failed in 003_oauth_schema.sql: \n-- ALTER TABLE users DROP COLUMN email... SQLITE_MISUSE: not an error","stack":"Error: SQLITE_MISUSE: not an error","timestamp":"2025-12-24T22:42:38.178Z"}
{"code":"SQLITE_MISUSE","errno":21,"level":"error","message":"Migration query failed in 003_oauth_schema.sql: \n-- ALTER TABLE users DROP COLUMN provider... SQLITE_MISUSE: not an error","stack":"Error: SQLITE_MISUSE: not an error","timestamp":"2025-12-24T22:42:38.178Z"}
{"code":"SQLITE_MISUSE","errno":21,"level":"error","message":"Migration query failed in 003_oauth_schema.sql: \n-- ALTER TABLE users DROP COLUMN provider_id... SQLITE_MISUSE: not an error","stack":"Error: SQLITE_MISUSE: not an error","timestamp":"2025-12-24T22:42:38.178Z"}
{"code":"SQLITE_MISUSE","errno":21,"level":"error","message":"Migration query failed in 003_oauth_schema.sql: \n-- ALTER TABLE users DROP COLUMN display_name... SQLITE_MISUSE: not an error","stack":"Error: SQLITE_MISUSE: not an error","timestamp":"2025-12-24T22:42:38.179Z"}
{"code":"SQLITE_MISUSE","errno":21,"level":"error","message":"Migration query failed in 003_oauth_schema.sql: \n-- ALTER TABLE users DROP COLUMN profile_picture... SQLITE_MISUSE: not an error","stack":"Error: SQLITE_MISUSE: not an error","timestamp":"2025-12-24T22:42:38.179Z"}
{"code":"SQLITE_MISUSE","errno":21,"level":"error","message":"Migration query failed in 003_oauth_schema.sql: \n-- ALTER TABLE users DROP COLUMN email_verified... SQLITE_MISUSE: not an error","stack":"Error: SQLITE_MISUSE: not an error","timestamp":"2025-12-24T22:42:38.179Z"}
{"code":"SQLITE_MISUSE","errno":21,"level":"error","message":"Migration query failed in 003_oauth_schema.sql: \n-- ALTER TABLE users DROP COLUMN role... SQLITE_MISUSE: not an error","stack":"Error: SQLITE_MISUSE: not an error","timestamp":"2025-12-24T22:42:38.179Z"}
{"code":"SQLITE_MISUSE","errno":21,"level":"error","message":"Migration query failed in 003_oauth_schema.sql: \n-- ALTER TABLE users DROP COLUMN created_at... SQLITE_MISUSE: not an error","stack":"Error: SQLITE_MISUSE: not an error","timestamp":"2025-12-24T22:42:38.179Z"}
{"level":"info","message":"All migrations completed successfully.","timestamp":"2025-12-24T22:42:38.180Z"}
{"level":"info","message":"SQLite database initialized successfully","timestamp":"2025-12-24T22:42:38.180Z"}
{"level":"warn","message":"SQUARE_ACCESS_TOKEN not set. Payment features will be disabled.","timestamp":"2025-12-24T22:43:04.292Z"}
{"level":"info","message":"Server starting in development mode on port 3000","timestamp":"2025-12-24T22:43:04.295Z"}
{"level":"info","message":"Run: http://localhost:3000","timestamp":"2025-12-24T22:43:04.312Z"}
{"level":"info","message":"Running migration: 001_initial_schema.sql","timestamp":"2025-12-24T22:43:04.313Z"}
{"level":"info","message":"Running migration: 002_performance_indexes.sql","timestamp":"2025-12-24T22:43:04.317Z"}
{"level":"info","message":"Running migration: 003_oauth_schema.sql","timestamp":"2025-12-24T22:43:04.317Z"}
{"level":"info","message":"All migrations completed successfully.","timestamp":"2025-12-24T22:43:04.319Z"}
{"level":"info","message":"SQLite database initialized successfully","timestamp":"2025-12-24T22:43:04.319Z"}
{"level":"warn","message":"SQUARE_ACCESS_TOKEN not set. Payment features will be disabled.","timestamp":"2025-12-24T22:46:28.970Z"}
{"level":"info","message":"Server starting in development mode on port 3000","timestamp":"2025-12-24T22:46:28.973Z"}
{"level":"info","message":"Run: http://localhost:3000","timestamp":"2025-12-24T22:46:28.989Z"}
{"level":"info","message":"Running migration: 001_initial_schema.sql","timestamp":"2025-12-24T22:46:28.990Z"}
{"level":"info","message":"Running migration: 002_performance_indexes.sql","timestamp":"2025-12-24T22:46:28.993Z"}
{"level":"info","message":"Running migration: 003_oauth_schema.sql","timestamp":"2025-12-24T22:46:28.994Z"}
{"level":"info","message":"All migrations completed successfully.","timestamp":"2025-12-24T22:46:28.994Z"}
{"level":"info","message":"SQLite database initialized successfully","timestamp":"2025-12-24T22:46:28.995Z"}
{"level":"warn","message":"SQUARE_ACCESS_TOKEN not set. Payment features will be disabled.","timestamp":"2025-12-25T01:02:34.718Z"}
{"level":"info","message":"Server starting in development mode on port 3000","timestamp":"2025-12-25T01:02:34.720Z"}
{"level":"info","message":"Run: http://localhost:3000","timestamp":"2025-12-25T01:02:34.739Z"}
{"level":"info","message":"Running migration: 001_initial_schema.sql","timestamp":"2025-12-25T01:02:34.740Z"}
{"level":"info","message":"Running migration: 002_performance_indexes.sql","timestamp":"2025-12-25T01:02:34.747Z"}
{"level":"info","message":"Running migration: 003_oauth_schema.sql","timestamp":"2025-12-25T01:02:34.748Z"}
{"level":"info","message":"Running migration: 004_oauth_password_nullable.sql","timestamp":"2025-12-25T01:02:34.748Z"}
{"code":"SQLITE_ERROR","errno":1,"level":"error","message":"Migration query failed in 004_oauth_password_nullable.sql: -- Migration: 004_oauth_password_nullable.sql\n-- Description: Make password column nullable to suppo... SQLITE_ERROR: near \"ALTER\": syntax error","stack":"Error: SQLITE_ERROR: near \"ALTER\": syntax error","timestamp":"2025-12-25T01:02:34.749Z"}
{"code":"SQLITE_ERROR","errno":1,"level":"error","message":"Migration query failed in 004_oauth_password_nullable.sql: \n\n-- Add a comment explaining the nullable password\nCOMMENT ON COLUMN users.password IS 'Password ha... SQLITE_ERROR: near \"COMMENT\": syntax error","stack":"Error: SQLITE_ERROR: near \"COMMENT\": syntax error","timestamp":"2025-12-25T01:02:34.749Z"}
{"level":"info","message":"All migrations completed successfully.","timestamp":"2025-12-25T01:02:34.749Z"}
{"level":"info","message":"SQLite database initialized successfully","timestamp":"2025-12-25T01:02:34.750Z"}
{"level":"info","message":"Created anonymous session for clothing matcher:","timestamp":"2025-12-25T01:10:16.358Z","userId":"anon_1766625016358_5np70e4sm"}
{"level":"warn","message":"SQUARE_ACCESS_TOKEN not set. Payment features will be disabled.","timestamp":"2025-12-25T01:27:23.968Z"}
{"level":"info","message":"Server starting in development mode on port 3000","timestamp":"2025-12-25T01:27:23.970Z"}
{"level":"info","message":"Run: http://localhost:3000","timestamp":"2025-12-25T01:27:23.997Z"}
{"level":"info","message":"Running migration: 001_initial_schema.sql","timestamp":"2025-12-25T01:27:23.999Z"}
{"level":"info","message":"Running migration: 002_performance_indexes.sql","timestamp":"2025-12-25T01:27:24.003Z"}
{"level":"info","message":"Running migration: 003_oauth_schema.sql","timestamp":"2025-12-25T01:27:24.004Z"}
{"level":"info","message":"Running migration: 004_oauth_password_nullable.sql","timestamp":"2025-12-25T01:27:24.005Z"}
{"code":"SQLITE_ERROR","errno":1,"level":"error","message":"Migration query failed in 004_oauth_password_nullable.sql: -- Migration: 004_oauth_password_nullable.sql\n-- Description: Make password column nullable to suppo... SQLITE_ERROR: near \"ALTER\": syntax error","stack":"Error: SQLITE_ERROR: near \"ALTER\": syntax error","timestamp":"2025-12-25T01:27:24.006Z"}
{"code":"SQLITE_ERROR","errno":1,"level":"error","message":"Migration query failed in 004_oauth_password_nullable.sql: \n\n-- Add a comment explaining the nullable password\nCOMMENT ON COLUMN users.password IS 'Password ha... SQLITE_ERROR: near \"COMMENT\": syntax error","stack":"Error: SQLITE_ERROR: near \"COMMENT\": syntax error","timestamp":"2025-12-25T01:27:24.006Z"}
{"level":"info","message":"All migrations completed successfully.","timestamp":"2025-12-25T01:27:24.006Z"}
{"level":"info","message":"SQLite database initialized successfully","timestamp":"2025-12-25T01:27:24.006Z"}
{"level":"warn","message":"SQUARE_ACCESS_TOKEN not set. Payment features will be disabled.","timestamp":"2025-12-25T01:36:33.364Z"}
{"level":"info","message":"Server starting in development mode on port 3000","timestamp":"2025-12-25T01:36:33.366Z"}
{"level":"info","message":"Run: http://localhost:3000","timestamp":"2025-12-25T01:36:33.383Z"}
{"level":"info","message":"Running migration: 001_initial_schema.sql","timestamp":"2025-12-25T01:36:33.385Z"}
{"level":"info","message":"Running migration: 002_performance_indexes.sql","timestamp":"2025-12-25T01:36:33.400Z"}
{"level":"info","message":"Running migration: 003_oauth_schema.sql","timestamp":"2025-12-25T01:36:33.401Z"}
{"level":"info","message":"Running migration: 004_oauth_password_nullable.sql","timestamp":"2025-12-25T01:36:33.402Z"}
{"code":"SQLITE_ERROR","errno":1,"level":"error","message":"Migration query failed in 004_oauth_password_nullable.sql: -- Migration: 004_oauth_password_nullable.sql\n-- Description: Make password column nullable to suppo... SQLITE_ERROR: near \"ALTER\": syntax error","stack":"Error: SQLITE_ERROR: near \"ALTER\": syntax error","timestamp":"2025-12-25T01:36:33.403Z"}
{"code":"SQLITE_ERROR","errno":1,"level":"error","message":"Migration query failed in 004_oauth_password_nullable.sql: \n\n-- Add a comment explaining the nullable password\nCOMMENT ON COLUMN users.password IS 'Password ha... SQLITE_ERROR: near \"COMMENT\": syntax error","stack":"Error: SQLITE_ERROR: near \"COMMENT\": syntax error","timestamp":"2025-12-25T01:36:33.403Z"}
{"level":"info","message":"All migrations completed successfully.","timestamp":"2025-12-25T01:36:33.403Z"}
{"level":"info","message":"SQLite database initialized successfully","timestamp":"2025-12-25T01:36:33.403Z"}
{"level":"warn","message":"SQUARE_ACCESS_TOKEN not set. Payment features will be disabled.","timestamp":"2025-12-25T01:38:57.929Z"}
{"level":"info","message":"Server starting in development mode on port 3000","timestamp":"2025-12-25T01:38:57.931Z"}
{"level":"info","message":"Run: http://localhost:3000","timestamp":"2025-12-25T01:38:57.949Z"}
{"level":"info","message":"Running migration: 001_initial_schema.sql","timestamp":"2025-12-25T01:38:57.950Z"}
{"level":"info","message":"Running migration: 002_performance_indexes.sql","timestamp":"2025-12-25T01:38:57.955Z"}
{"level":"info","message":"Running migration: 003_oauth_schema.sql","timestamp":"2025-12-25T01:38:57.956Z"}
{"level":"info","message":"Running migration: 004_oauth_password_nullable.sql","timestamp":"2025-12-25T01:38:57.957Z"}
{"code":"SQLITE_ERROR","errno":1,"level":"error","message":"Migration query failed in 004_oauth_password_nullable.sql: -- Migration: 004_oauth_password_nullable.sql\n-- Description: Make password column nullable to suppo... SQLITE_ERROR: near \"ALTER\": syntax error","stack":"Error: SQLITE_ERROR: near \"ALTER\": syntax error","timestamp":"2025-12-25T01:38:57.958Z"}
{"code":"SQLITE_ERROR","errno":1,"level":"error","message":"Migration query failed in 004_oauth_password_nullable.sql: \n\n-- Add a comment explaining the nullable password\nCOMMENT ON COLUMN users.password IS 'Password ha... SQLITE_ERROR: near \"COMMENT\": syntax error","stack":"Error: SQLITE_ERROR: near \"COMMENT\": syntax error","timestamp":"2025-12-25T01:38:57.958Z"}
{"level":"info","message":"All migrations completed successfully.","timestamp":"2025-12-25T01:38:57.958Z"}
{"level":"info","message":"SQLite database initialized successfully","timestamp":"2025-12-25T01:38:57.958Z"}
{"level":"warn","message":"SQUARE_ACCESS_TOKEN not set. Payment features will be disabled.","timestamp":"2025-12-25T01:41:31.364Z"}
{"level":"info","message":"Server starting in development mode on port 3000","timestamp":"2025-12-25T01:41:31.366Z"}
{"level":"info","message":"Run: http://localhost:3000","timestamp":"2025-12-25T01:41:31.385Z"}
{"level":"info","message":"Running migration: 001_initial_schema.sql","timestamp":"2025-12-25T01:41:31.386Z"}
{"level":"info","message":"Running migration: 002_performance_indexes.sql","timestamp":"2025-12-25T01:41:31.401Z"}
{"level":"info","message":"Running migration: 003_oauth_schema.sql","timestamp":"2025-12-25T01:41:31.402Z"}
{"level":"info","message":"Running migration: 004_oauth_password_nullable.sql","timestamp":"2025-12-25T01:41:31.403Z"}
{"code":"SQLITE_ERROR","errno":1,"level":"error","message":"Migration query failed in 004_oauth_password_nullable.sql: -- Migration: 004_oauth_password_nullable.sql\n-- Description: Make password column nullable to suppo... SQLITE_ERROR: near \"ALTER\": syntax error","stack":"Error: SQLITE_ERROR: near \"ALTER\": syntax error","timestamp":"2025-12-25T01:41:31.404Z"}
{"code":"SQLITE_ERROR","errno":1,"level":"error","message":"Migration query failed in 004_oauth_password_nullable.sql: \n\n-- Add a comment explaining the nullable password\nCOMMENT ON COLUMN users.password IS 'Password ha... SQLITE_ERROR: near \"COMMENT\": syntax error","stack":"Error: SQLITE_ERROR: near \"COMMENT\": syntax error","timestamp":"2025-12-25T01:41:31.404Z"}
{"level":"info","message":"All migrations completed successfully.","timestamp":"2025-12-25T01:41:31.404Z"}
{"level":"info","message":"SQLite database initialized successfully","timestamp":"2025-12-25T01:41:31.404Z"}
{"level":"warn","message":"SQUARE_ACCESS_TOKEN not set. Payment features will be disabled.","timestamp":"2025-12-25T01:42:52.897Z"}
{"level":"info","message":"Server starting in development mode on port 3000","timestamp":"2025-12-25T01:42:52.899Z"}
{"level":"info","message":"Run: http://localhost:3000","timestamp":"2025-12-25T01:42:52.916Z"}
{"level":"info","message":"Running migration: 001_initial_schema.sql","timestamp":"2025-12-25T01:42:52.916Z"}
{"level":"info","message":"Running migration: 002_performance_indexes.sql","timestamp":"2025-12-25T01:42:52.920Z"}
{"level":"info","message":"Running migration: 003_oauth_schema.sql","timestamp":"2025-12-25T01:42:52.921Z"}
{"level":"info","message":"Running migration: 004_oauth_password_nullable.sql","timestamp":"2025-12-25T01:42:52.921Z"}
{"code":"SQLITE_ERROR","errno":1,"level":"error","message":"Migration query failed in 004_oauth_password_nullable.sql: -- Migration: 004_oauth_password_nullable.sql\n-- Description: Make password column nullable to suppo... SQLITE_ERROR: near \"ALTER\": syntax error","stack":"Error: SQLITE_ERROR: near \"ALTER\": syntax error","timestamp":"2025-12-25T01:42:52.922Z"}
{"code":"SQLITE_ERROR","errno":1,"level":"error","message":"Migration query failed in 004_oauth_password_nullable.sql: \n\n-- Add a comment explaining the nullable password\nCOMMENT ON COLUMN users.password IS 'Password ha... SQLITE_ERROR: near \"COMMENT\": syntax error","stack":"Error: SQLITE_ERROR: near \"COMMENT\": syntax error","timestamp":"2025-12-25T01:42:52.922Z"}
{"level":"info","message":"All migrations completed successfully.","timestamp":"2025-12-25T01:42:52.922Z"}
{"level":"info","message":"SQLite database initialized successfully","timestamp":"2025-12-25T01:42:52.922Z"}
{"level":"warn","message":"SQUARE_ACCESS_TOKEN not set. Payment features will be disabled.","timestamp":"2025-12-25T01:43:57.721Z"}
{"level":"info","message":"Server starting in development mode on port 3000","timestamp":"2025-12-25T01:43:57.725Z"}
{"level":"info","message":"Run: http://localhost:3000","timestamp":"2025-12-25T01:43:57.771Z"}
{"level":"info","message":"Running migration: 001_initial_schema.sql","timestamp":"2025-12-25T01:43:57.773Z"}
{"level":"info","message":"Running migration: 002_performance_indexes.sql","timestamp":"2025-12-25T01:43:57.806Z"}
{"level":"info","message":"Running migration: 003_oauth_schema.sql","timestamp":"2025-12-25T01:43:57.808Z"}
{"level":"info","message":"Running migration: 004_oauth_password_nullable.sql","timestamp":"2025-12-25T01:43:57.808Z"}
{"code":"SQLITE_ERROR","errno":1,"level":"error","message":"Migration query failed in 004_oauth_password_nullable.sql: -- Migration: 004_oauth_password_nullable.sql\n-- Description: Make password column nullable to suppo... SQLITE_ERROR: near \"ALTER\": syntax error","stack":"Error: SQLITE_ERROR: near \"ALTER\": syntax error","timestamp":"2025-12-25T01:43:57.809Z"}
{"code":"SQLITE_ERROR","errno":1,"level":"error","message":"Migration query failed in 004_oauth_password_nullable.sql: \n\n-- Add a comment explaining the nullable password\nCOMMENT ON COLUMN users.password IS 'Password ha... SQLITE_ERROR: near \"COMMENT\": syntax error","stack":"Error: SQLITE_ERROR: near \"COMMENT\": syntax error","timestamp":"2025-12-25T01:43:57.809Z"}
{"level":"info","message":"All migrations completed successfully.","timestamp":"2025-12-25T01:43:57.809Z"}
{"level":"info","message":"SQLite database initialized successfully","timestamp":"2025-12-25T01:43:57.810Z"}
{"level":"warn","message":"SQUARE_ACCESS_TOKEN not set. Payment features will be disabled.","timestamp":"2025-12-25T01:44:45.040Z"}
{"level":"info","message":"Server starting in development mode on port 3000","timestamp":"2025-12-25T01:44:45.042Z"}
{"level":"info","message":"Run: http://localhost:3000","timestamp":"2025-12-25T01:44:45.062Z"}
{"level":"info","message":"Running migration: 001_initial_schema.sql","timestamp":"2025-12-25T01:44:45.063Z"}
{"level":"info","message":"Running migration: 002_performance_indexes.sql","timestamp":"2025-12-25T01:44:45.070Z"}
{"level":"info","message":"Running migration: 003_oauth_schema.sql","timestamp":"2025-12-25T01:44:45.072Z"}
{"level":"info","message":"Running migration: 004_oauth_password_nullable.sql","timestamp":"2025-12-25T01:44:45.073Z"}
{"code":"SQLITE_ERROR","errno":1,"level":"error","message":"Migration query failed in 004_oauth_password_nullable.sql: -- Migration: 004_oauth_password_nullable.sql\n-- Description: Make password column nullable to suppo... SQLITE_ERROR: near \"ALTER\": syntax error","stack":"Error: SQLITE_ERROR: near \"ALTER\": syntax error","timestamp":"2025-12-25T01:44:45.073Z"}
{"code":"SQLITE_ERROR","errno":1,"level":"error","message":"Migration query failed in 004_oauth_password_nullable.sql: \n\n-- Add a comment explaining the nullable password\nCOMMENT ON COLUMN users.password IS 'Password ha... SQLITE_ERROR: near \"COMMENT\": syntax error","stack":"Error: SQLITE_ERROR: near \"COMMENT\": syntax error","timestamp":"2025-12-25T01:44:45.073Z"}
{"level":"info","message":"All migrations completed successfully.","timestamp":"2025-12-25T01:44:45.073Z"}
{"level":"info","message":"SQLite database initialized successfully","timestamp":"2025-12-25T01:44:45.074Z"}
{"level":"warn","message":"SQUARE_ACCESS_TOKEN not set. Payment features will be disabled.","timestamp":"2025-12-25T01:46:52.755Z"}
{"level":"info","message":"Server starting in development mode on port 3000","timestamp":"2025-12-25T01:46:52.757Z"}
{"level":"info","message":"Run: http://localhost:3000","timestamp":"2025-12-25T01:46:52.774Z"}
{"level":"info","message":"Running migration: 001_initial_schema.sql","timestamp":"2025-12-25T01:46:52.775Z"}
{"level":"info","message":"Running migration: 002_performance_indexes.sql","timestamp":"2025-12-25T01:46:52.779Z"}
{"level":"info","message":"Running migration: 003_oauth_schema.sql","timestamp":"2025-12-25T01:46:52.780Z"}
{"level":"info","message":"Running migration: 004_oauth_password_nullable.sql","timestamp":"2025-12-25T01:46:52.781Z"}
{"code":"SQLITE_ERROR","errno":1,"level":"error","message":"Migration query failed in 004_oauth_password_nullable.sql: -- Migration: 004_oauth_password_nullable.sql\n-- Description: Make password column nullable to suppo... SQLITE_ERROR: near \"ALTER\": syntax error","stack":"Error: SQLITE_ERROR: near \"ALTER\": syntax error","timestamp":"2025-12-25T01:46:52.781Z"}
{"code":"SQLITE_ERROR","errno":1,"level":"error","message":"Migration query failed in 004_oauth_password_nullable.sql: \n\n-- Add a comment explaining the nullable password\nCOMMENT ON COLUMN users.password IS 'Password ha... SQLITE_ERROR: near \"COMMENT\": syntax error","stack":"Error: SQLITE_ERROR: near \"COMMENT\": syntax error","timestamp":"2025-12-25T01:46:52.782Z"}
{"level":"info","message":"All migrations completed successfully.","timestamp":"2025-12-25T01:46:52.782Z"}
{"level":"info","message":"SQLite database initialized successfully","timestamp":"2025-12-25T01:46:52.782Z"}
{"level":"warn","message":"SQUARE_ACCESS_TOKEN not set. Payment features will be disabled.","timestamp":"2025-12-25T01:57:21.855Z"}
{"level":"info","message":"Server starting in development mode on port 3000","timestamp":"2025-12-25T01:57:21.857Z"}
{"level":"info","message":"Run: http://localhost:3000","timestamp":"2025-12-25T01:57:21.877Z"}
{"level":"info","message":"Running migration: 001_initial_schema.sql","timestamp":"2025-12-25T01:57:21.878Z"}
{"level":"info","message":"Running migration: 002_performance_indexes.sql","timestamp":"2025-12-25T01:57:21.882Z"}
{"level":"info","message":"Running migration: 003_oauth_schema.sql","timestamp":"2025-12-25T01:57:21.883Z"}
{"level":"info","message":"Running migration: 004_oauth_password_nullable.sql","timestamp":"2025-12-25T01:57:21.884Z"}
{"code":"SQLITE_ERROR","errno":1,"level":"error","message":"Migration query failed in 004_oauth_password_nullable.sql: -- Migration: 004_oauth_password_nullable.sql\n-- Description: Make password column nullable to suppo... SQLITE_ERROR: near \"ALTER\": syntax error","stack":"Error: SQLITE_ERROR: near \"ALTER\": syntax error","timestamp":"2025-12-25T01:57:21.885Z"}
{"code":"SQLITE_ERROR","errno":1,"level":"error","message":"Migration query failed in 004_oauth_password_nullable.sql: \n\n-- Add a comment explaining the nullable password\nCOMMENT ON COLUMN users.password IS 'Password ha... SQLITE_ERROR: near \"COMMENT\": syntax error","stack":"Error: SQLITE_ERROR: near \"COMMENT\": syntax error","timestamp":"2025-12-25T01:57:21.885Z"}
{"level":"info","message":"All migrations completed successfully.","timestamp":"2025-12-25T01:57:21.885Z"}
{"level":"info","message":"SQLite database initialized successfully","timestamp":"2025-12-25T01:57:21.885Z"}
{"level":"warn","message":"SQUARE_ACCESS_TOKEN not set. Payment features will be disabled.","timestamp":"2025-12-25T02:33:05.135Z"}
{"level":"info","message":"Server starting in development mode on port 3000","timestamp":"2025-12-25T02:33:05.137Z"}
{"level":"info","message":"Run: http://localhost:3000","timestamp":"2025-12-25T02:33:05.155Z"}
{"level":"info","message":"Running migration: 001_initial_schema.sql","timestamp":"2025-12-25T02:33:05.156Z"}
{"level":"info","message":"Running migration: 002_performance_indexes.sql","timestamp":"2025-12-25T02:33:05.161Z"}
{"level":"info","message":"Running migration: 003_oauth_schema.sql","timestamp":"2025-12-25T02:33:05.162Z"}
{"level":"info","message":"Running migration: 004_oauth_password_nullable.sql","timestamp":"2025-12-25T02:33:05.162Z"}
{"code":"SQLITE_ERROR","errno":1,"level":"error","message":"Migration query failed in 004_oauth_password_nullable.sql: -- Migration: 004_oauth_password_nullable.sql\n-- Description: Make password column nullable to suppo... SQLITE_ERROR: near \"ALTER\": syntax error","stack":"Error: SQLITE_ERROR: near \"ALTER\": syntax error","timestamp":"2025-12-25T02:33:05.163Z"}
{"code":"SQLITE_ERROR","errno":1,"level":"error","message":"Migration query failed in 004_oauth_password_nullable.sql: \n\n-- Add a comment explaining the nullable password\nCOMMENT ON COLUMN users.password IS 'Password ha... SQLITE_ERROR: near \"COMMENT\": syntax error","stack":"Error: SQLITE_ERROR: near \"COMMENT\": syntax error","timestamp":"2025-12-25T02:33:05.163Z"}
{"level":"info","message":"All migrations completed successfully.","timestamp":"2025-12-25T02:33:05.163Z"}
{"level":"info","message":"SQLite database initialized successfully","timestamp":"2025-12-25T02:33:05.164Z"}
{"level":"error","message":"Bad escaped character in JSON at position 47 (line 1 column 48)\nSyntaxError: Bad escaped character in JSON at position 47 (line 1 column 48)\n    at JSON.parse (<anonymous>)\n    at parse (/Users/dustinober/Projects/Adria_Cross_Edit/node_modules/body-parser/lib/types/json.js:74:19)\n    at /Users/dustinober/Projects/Adria_Cross_Edit/node_modules/body-parser/lib/read.js:163:18\n    at AsyncResource.runInAsyncScope (node:async_hooks:213:14)\n    at invokeCallback (/Users/dustinober/Projects/Adria_Cross_Edit/node_modules/raw-body/index.js:238:16)\n    at done (/Users/dustinober/Projects/Adria_Cross_Edit/node_modules/raw-body/index.js:227:7)\n    at IncomingMessage.onEnd (/Users/dustinober/Projects/Adria_Cross_Edit/node_modules/raw-body/index.js:287:7)\n    at IncomingMessage.emit (node:events:508:28)\n    at endReadableNT (node:internal/streams/readable:1701:12)\n    at process.processTicksAndRejections (node:internal/process/task_queues:89:21)","timestamp":"2025-12-25T02:40:59.223Z"}
{"level":"warn","message":"SQUARE_ACCESS_TOKEN not set. Payment features will be disabled.","timestamp":"2025-12-25T02:41:20.028Z"}
{"level":"info","message":"Server starting in development mode on port 3000","timestamp":"2025-12-25T02:41:20.030Z"}
{"level":"info","message":"Run: http://localhost:3000","timestamp":"2025-12-25T02:41:20.047Z"}
{"level":"info","message":"Running migration: 001_initial_schema.sql","timestamp":"2025-12-25T02:41:20.048Z"}
{"level":"info","message":"Running migration: 002_performance_indexes.sql","timestamp":"2025-12-25T02:41:20.051Z"}
{"level":"info","message":"Running migration: 003_oauth_schema.sql","timestamp":"2025-12-25T02:41:20.051Z"}
{"level":"info","message":"Running migration: 004_oauth_password_nullable.sql","timestamp":"2025-12-25T02:41:20.052Z"}
{"code":"SQLITE_ERROR","errno":1,"level":"error","message":"Migration query failed in 004_oauth_password_nullable.sql: -- Migration: 004_oauth_password_nullable.sql\n-- Description: Make password column nullable to suppo... SQLITE_ERROR: near \"ALTER\": syntax error","stack":"Error: SQLITE_ERROR: near \"ALTER\": syntax error","timestamp":"2025-12-25T02:41:20.052Z"}
{"code":"SQLITE_ERROR","errno":1,"level":"error","message":"Migration query failed in 004_oauth_password_nullable.sql: \n\n-- Add a comment explaining the nullable password\nCOMMENT ON COLUMN users.password IS 'Password ha... SQLITE_ERROR: near \"COMMENT\": syntax error","stack":"Error: SQLITE_ERROR: near \"COMMENT\": syntax error","timestamp":"2025-12-25T02:41:20.052Z"}
{"level":"info","message":"All migrations completed successfully.","timestamp":"2025-12-25T02:41:20.052Z"}
{"level":"info","message":"SQLite database initialized successfully","timestamp":"2025-12-25T02:41:20.053Z"}
{"level":"warn","message":"SQUARE_ACCESS_TOKEN not set. Payment features will be disabled.","timestamp":"2025-12-25T02:43:33.491Z"}
{"level":"info","message":"Server starting in development mode on port 3000","timestamp":"2025-12-25T02:43:33.494Z"}
{"level":"info","message":"Run: http://localhost:3000","timestamp":"2025-12-25T02:43:33.509Z"}
{"level":"info","message":"Running migration: 001_initial_schema.sql","timestamp":"2025-12-25T02:43:33.510Z"}
{"level":"info","message":"Running migration: 002_performance_indexes.sql","timestamp":"2025-12-25T02:43:33.515Z"}
{"level":"info","message":"Running migration: 003_oauth_schema.sql","timestamp":"2025-12-25T02:43:33.516Z"}
{"level":"info","message":"Running migration: 004_oauth_password_nullable.sql","timestamp":"2025-12-25T02:43:33.517Z"}
{"code":"SQLITE_ERROR","errno":1,"level":"error","message":"Migration query failed in 004_oauth_password_nullable.sql: -- Migration: 004_oauth_password_nullable.sql\n-- Description: Make password column nullable to suppo... SQLITE_ERROR: near \"ALTER\": syntax error","stack":"Error: SQLITE_ERROR: near \"ALTER\": syntax error","timestamp":"2025-12-25T02:43:33.517Z"}
{"code":"SQLITE_ERROR","errno":1,"level":"error","message":"Migration query failed in 004_oauth_password_nullable.sql: \n\n-- Add a comment explaining the nullable password\nCOMMENT ON COLUMN users.password IS 'Password ha... SQLITE_ERROR: near \"COMMENT\": syntax error","stack":"Error: SQLITE_ERROR: near \"COMMENT\": syntax error","timestamp":"2025-12-25T02:43:33.517Z"}
{"level":"info","message":"All migrations completed successfully.","timestamp":"2025-12-25T02:43:33.517Z"}
{"level":"info","message":"SQLite database initialized successfully","timestamp":"2025-12-25T02:43:33.518Z"}
